-------------------------------------------------------------------------------
Test set: com.snhu.restservice.RestServiceApplicationTests
-------------------------------------------------------------------------------
Tests run: 1, Failures: 0, Errors: 1, Skipped: 0, Time elapsed: 0.166 s <<< FAILURE! - in com.snhu.restservice.RestServiceApplicationTests
com.snhu.restservice.RestServiceApplicationTests  Time elapsed: 0.166 s  <<< ERROR!
org.springframework.beans.factory.BeanDefinitionStoreException: Failed to read candidate component class: file [C:\Users\Jacob\OneDrive - SNHU\Documents\School\CS-305\Mod_6\CS 305 Module Six Code\rest-service\target\test-classes\com\snhu\restservice\RestServiceApplicationTests.class]; nested exception is org.springframework.core.NestedIOException: ASM ClassReader failed to parse class file - probably due to a new Java class file version that isn't supported yet: file [C:\Users\Jacob\OneDrive - SNHU\Documents\School\CS-305\Mod_6\CS 305 Module Six Code\rest-service\target\test-classes\com\snhu\restservice\RestServiceApplicationTests.class]; nested exception is java.lang.IllegalArgumentException: Unsupported class file major version 65
Caused by: org.springframework.core.NestedIOException: ASM ClassReader failed to parse class file - probably due to a new Java class file version that isn't supported yet: file [C:\Users\Jacob\OneDrive - SNHU\Documents\School\CS-305\Mod_6\CS 305 Module Six Code\rest-service\target\test-classes\com\snhu\restservice\RestServiceApplicationTests.class]; nested exception is java.lang.IllegalArgumentException: Unsupported class file major version 65
Caused by: java.lang.IllegalArgumentException: Unsupported class file major version 65

